[debug] [2025-02-17T23:09:33.590Z] ----------------------------------------------------------------------
[debug] [2025-02-17T23:09:33.592Z] Command:       /userdata/zylabfiles/firebase-tools-linux /home/zyuser/.cache/firebase/tools/lib/node_modules/firebase-tools/lib/bin/firebase emulators:start --only functions
[debug] [2025-02-17T23:09:33.592Z] CLI Version:   13.30.0
[debug] [2025-02-17T23:09:33.592Z] Platform:      linux
[debug] [2025-02-17T23:09:33.593Z] Node Version:  v18.5.0
[debug] [2025-02-17T23:09:33.593Z] Time:          Mon Feb 17 2025 23:09:33 GMT+0000 (GMT)
[debug] [2025-02-17T23:09:33.593Z] ----------------------------------------------------------------------
[debug] 
[debug] [2025-02-17T23:09:33.596Z] >>> [apiv2][query] GET https://firebase-public.firebaseio.com/cli.json [none]
[debug] [2025-02-17T23:09:33.799Z] > command requires scopes: ["email","openid","https://www.googleapis.com/auth/cloudplatformprojects.readonly","https://www.googleapis.com/auth/firebase","https://www.googleapis.com/auth/cloud-platform"]
[debug] Failed to authenticate, have you run firebase login?
[warn] ⚠  emulators: You are not currently authenticated so some features may not work correctly. Please run firebase login to authenticate the CLI. 
[info] i  emulators: Starting emulators: functions {"metadata":{"emulator":{"name":"hub"},"message":"Starting emulators: functions"}}
[debug] [2025-02-17T23:09:33.815Z] [logging] Logging Emulator only supports listening on one address (127.0.0.1). Not listening on ::1
[debug] [2025-02-17T23:09:33.815Z] assigned listening specs for emulators {"user":{"hub":[{"address":"127.0.0.1","family":"IPv4","port":4400},{"address":"::1","family":"IPv6","port":4400}],"logging":[{"address":"127.0.0.1","family":"IPv4","port":4500}]},"metadata":{"message":"assigned listening specs for emulators"}}
[debug] [2025-02-17T23:09:33.818Z] [hub] writing locator at /tmp/nix-shell.w5WPvh/hub-cloud1-4fa90.json
[debug] [2025-02-17T23:09:33.831Z] [eventarc] Eventarc Emulator only supports listening on one address (127.0.0.1). Not listening on ::1
[debug] [2025-02-17T23:09:33.831Z] [tasks] Cloud Tasks Emulator only supports listening on one address (127.0.0.1). Not listening on ::1
[debug] [2025-02-17T23:09:33.831Z] late-assigned ports for functions and eventarc emulators {"user":{"hub":[{"address":"127.0.0.1","family":"IPv4","port":4400},{"address":"::1","family":"IPv6","port":4400}],"logging":[{"address":"127.0.0.1","family":"IPv4","port":4500}],"functions":[{"address":"0.0.0.0","family":"IPv4","port":8080}],"eventarc":[{"address":"127.0.0.1","family":"IPv4","port":9299}],"tasks":[{"address":"127.0.0.1","family":"IPv4","port":9499}]},"metadata":{"message":"late-assigned ports for functions and eventarc emulators"}}
[warn] ⚠  functions: The following emulators are not running, calls to these services from the Functions emulator will affect production: apphosting, auth, firestore, database, hosting, pubsub, storage, dataconnect {"metadata":{"emulator":{"name":"functions"},"message":"The following emulators are not running, calls to these services from the Functions emulator will affect production: \u001b[1mapphosting, auth, firestore, database, hosting, pubsub, storage, dataconnect\u001b[22m"}}
[warn] ⚠  functions: You are not signed in to the Firebase CLI. If you have authorized this machine using gcloud application-default credentials those may be discovered and used to access production services. {"metadata":{"emulator":{"name":"functions"},"message":"You are not signed in to the Firebase CLI. If you have authorized this machine using gcloud application-default credentials those may be discovered and used to access production services."}}
[debug] [2025-02-17T23:09:33.833Z] No OAuth tokens found
[debug] [2025-02-17T23:09:33.833Z] No OAuth tokens found
[debug] [2025-02-17T23:09:33.833Z] > command requires scopes: ["email","openid","https://www.googleapis.com/auth/cloudplatformprojects.readonly","https://www.googleapis.com/auth/firebase","https://www.googleapis.com/auth/cloud-platform"]
[debug] [2025-02-17T23:09:33.833Z] Failed to get Admin SDK config for cloud1-4fa90, falling back to cache Failed to get Admin SDK for Firebase project cloud1-4fa90. Please make sure the project exists and your account has permission to access it. {"name":"FirebaseError","children":[],"exit":2,"message":"Failed to get Admin SDK for Firebase project cloud1-4fa90. Please make sure the project exists and your account has permission to access it.","original":{"name":"FirebaseError","children":[],"exit":1,"message":"Failed to authenticate, have you run \u001b[1mfirebase login\u001b[22m?","original":{},"status":500},"status":500}
[warn] ⚠  functions: Unable to fetch project Admin SDK configuration, Admin SDK behavior in Cloud Functions emulator may be incorrect. {"metadata":{"emulator":{"name":"functions"},"message":"Unable to fetch project Admin SDK configuration, Admin SDK behavior in Cloud Functions emulator may be incorrect."}}
[warn] ⚠  emulators: The Emulator UI is not starting, either because none of the running emulators have a UI component or the Emulator UI cannot determine the Project ID. Pass the --project flag to specify a project. {"metadata":{"emulator":{"name":"hub"},"message":"The Emulator UI is not starting, either because none of the running emulators have a UI component or the Emulator UI cannot determine the Project ID. Pass the --project flag to specify a project."}}
[info] i  functions: Watching "/usercode/functions" for Cloud Functions... {"metadata":{"emulator":{"name":"functions"},"message":"Watching \"/usercode/functions\" for Cloud Functions..."}}
[debug] [2025-02-17T23:09:33.848Z] Validating nodejs source
[warn] ⚠  functions: package.json indicates an outdated version of firebase-functions. Please upgrade using npm install --save firebase-functions@latest in your functions directory. 
[debug] [2025-02-17T23:09:34.292Z] > [functions] package.json contents: {
  "name": "functions",
  "description": "Cloud Functions for Firebase",
  "scripts": {
    "serve": "firebase emulators:start --only functions",
    "shell": "firebase functions:shell",
    "start": "npm run shell",
    "deploy": "firebase deploy --only functions",
    "logs": "firebase functions:log"
  },
  "engines": {
    "node": "18"
  },
  "main": "index.js",
  "dependencies": {
    "firebase-admin": "^12.6.0",
    "firebase-functions": "^6.0.1"
  },
  "devDependencies": {
    "firebase-functions-test": "^3.1.0"
  },
  "private": true
}
[debug] [2025-02-17T23:09:34.292Z] Building nodejs source
[debug] [2025-02-17T23:09:34.293Z] Failed to find version of module node: reached end of search path /usercode/functions/node_modules
[info] ✔  functions: Using node@18 from host. 
[debug] [2025-02-17T23:09:34.295Z] Could not find functions.yaml. Must use http discovery
[debug] [2025-02-17T23:09:34.297Z] Found firebase-functions binary at '/usercode/functions/node_modules/.bin/firebase-functions'
[debug] [2025-02-17T23:09:34.379Z] <<< [apiv2][status] GET https://firebase-public.firebaseio.com/cli.json 200
[debug] [2025-02-17T23:09:34.380Z] <<< [apiv2][body] GET https://firebase-public.firebaseio.com/cli.json {"cloudBuildErrorAfter":1594252800000,"cloudBuildWarnAfter":1590019200000,"defaultNode10After":1594252800000,"minVersion":"3.0.5","node8DeploysDisabledAfter":1613390400000,"node8RuntimeDisabledAfter":1615809600000,"node8WarnAfter":1600128000000}
[info] Serving at port 8191

[debug] [2025-02-17T23:09:34.762Z] Got response from /__/functions.yaml {"endpoints":{"randomNumber":{"availableMemoryMb":null,"timeoutSeconds":null,"minInstances":null,"maxInstances":null,"ingressSettings":null,"concurrency":null,"serviceAccountEmail":null,"vpc":null,"platform":"gcfv2","labels":{},"httpsTrigger":{},"entryPoint":"randomNumber"}},"specVersion":"v1alpha1","requiredAPIs":[],"extensions":{}}
[info] ✔  functions: Loaded functions definitions from source: randomNumber. {"metadata":{"emulator":{"name":"functions"},"message":"Loaded functions definitions from source: randomNumber."}}
[info] ✔  functions[us-central1-randomNumber]: http function initialized (http://127.0.0.1:8080/cloud1-4fa90/us-central1/randomNumber). {"metadata":{"emulator":{"name":"functions"},"message":"\u001b[1mhttp\u001b[22m function initialized (http://127.0.0.1:8080/cloud1-4fa90/us-central1/randomNumber)."}}
[debug] [2025-02-17T23:09:34.798Z] Could not find VSCode notification endpoint: FetchError: request to http://localhost:40001/vscode/notify failed, reason: connect ECONNREFUSED 127.0.0.1:40001. If you are not running the Firebase Data Connect VSCode extension, this is expected and not an issue.
[info] 
┌─────────────────────────────────────────────────────────────┐
│ ✔  All emulators ready! It is now safe to connect your app. │
└─────────────────────────────────────────────────────────────┘

┌───────────┬──────────────┐
│ Emulator  │ Host:Port    │
├───────────┼──────────────┤
│ Functions │ 0.0.0.0:8080 │
└───────────┴──────────────┘
  Emulator Hub running at 127.0.0.1:4400
  Other reserved ports: 4500

Issues? Report them at https://github.com/firebase/firebase-tools/issues and attach the *-debug.log files.
 
[debug] [2025-02-17T23:17:39.508Z] Functions emulator received unknown request at path /
[debug] [2025-02-17T23:17:54.414Z] [work-queue] {"queuedWork":["/cloud1-4fa90/us-central1/randomNumber-2025-02-17T23:17:54.413Z"],"queueLength":1,"runningWork":[],"workRunningCount":0}
[debug] [2025-02-17T23:17:54.414Z] [work-queue] {"queuedWork":[],"queueLength":0,"runningWork":["/cloud1-4fa90/us-central1/randomNumber-2025-02-17T23:17:54.413Z"],"workRunningCount":1}
[debug] [2025-02-17T23:17:54.414Z] Accepted request GET /cloud1-4fa90/us-central1/randomNumber --> us-central1-randomNumber
[debug] [2025-02-17T23:17:54.415Z] [functions] Runtime ready! Sending request! {"metadata":{"emulator":{"name":"functions"},"message":"[functions] Runtime ready! Sending request!"}}
[debug] [2025-02-17T23:17:54.415Z] [functions] Got req.url=/cloud1-4fa90/us-central1/randomNumber, mapping to path=/ {"metadata":{"emulator":{"name":"functions"},"message":"[functions] Got req.url=/cloud1-4fa90/us-central1/randomNumber, mapping to path=/"}}
[debug] [2025-02-17T23:17:54.428Z] [worker-pool] addWorker(us-central1-randomNumber) {"metadata":{"emulator":{"name":"functions"},"message":"[worker-pool] addWorker(us-central1-randomNumber)"}}
[debug] [2025-02-17T23:17:54.429Z] [worker-pool] Adding worker with key us-central1-randomNumber, total=1 {"metadata":{"emulator":{"name":"functions"},"message":"[worker-pool] Adding worker with key us-central1-randomNumber, total=1"}}
[debug] [2025-02-17T23:17:55.286Z] [runtime-status] [1199] Resolved module firebase-admin {"declared":true,"installed":true,"version":"12.7.0","resolution":"/usercode/functions/node_modules/firebase-admin/lib/index.js"} {"metadata":{"emulator":{"name":"functions"},"function":{"name":"us-central1-randomNumber"},"extension":{},"message":"[runtime-status] [1199] Resolved module firebase-admin {\"declared\":true,\"installed\":true,\"version\":\"12.7.0\",\"resolution\":\"/usercode/functions/node_modules/firebase-admin/lib/index.js\"}"}}
[debug] [2025-02-17T23:17:55.287Z] [runtime-status] [1199] Resolved module firebase-functions {"declared":true,"installed":true,"version":"6.3.1","resolution":"/usercode/functions/node_modules/firebase-functions/lib/v2/index.js"} {"metadata":{"emulator":{"name":"functions"},"function":{"name":"us-central1-randomNumber"},"extension":{},"message":"[runtime-status] [1199] Resolved module firebase-functions {\"declared\":true,\"installed\":true,\"version\":\"6.3.1\",\"resolution\":\"/usercode/functions/node_modules/firebase-functions/lib/v2/index.js\"}"}}
[debug] [2025-02-17T23:17:55.287Z] [runtime-status] [1199] Outgoing network have been stubbed. [{"name":"http","status":"mocked"},{"name":"http","status":"mocked"},{"name":"https","status":"mocked"},{"name":"https","status":"mocked"},{"name":"net","status":"mocked"}] {"metadata":{"emulator":{"name":"functions"},"function":{"name":"us-central1-randomNumber"},"extension":{},"message":"[runtime-status] [1199] Outgoing network have been stubbed. [{\"name\":\"http\",\"status\":\"mocked\"},{\"name\":\"http\",\"status\":\"mocked\"},{\"name\":\"https\",\"status\":\"mocked\"},{\"name\":\"https\",\"status\":\"mocked\"},{\"name\":\"net\",\"status\":\"mocked\"}]"}}
[debug] [2025-02-17T23:17:55.288Z] [runtime-status] [1199] Resolved module firebase-functions {"declared":true,"installed":true,"version":"6.3.1","resolution":"/usercode/functions/node_modules/firebase-functions/lib/v2/index.js"} {"metadata":{"emulator":{"name":"functions"},"function":{"name":"us-central1-randomNumber"},"extension":{},"message":"[runtime-status] [1199] Resolved module firebase-functions {\"declared\":true,\"installed\":true,\"version\":\"6.3.1\",\"resolution\":\"/usercode/functions/node_modules/firebase-functions/lib/v2/index.js\"}"}}
[debug] [2025-02-17T23:17:55.466Z] [runtime-status] [1199] Checked functions.config() {"config":{}} {"metadata":{"emulator":{"name":"functions"},"function":{"name":"us-central1-randomNumber"},"extension":{},"message":"[runtime-status] [1199] Checked functions.config() {\"config\":{}}"}}
[debug] [2025-02-17T23:17:55.467Z] [runtime-status] [1199] firebase-functions has been stubbed. {"functionsResolution":{"declared":true,"installed":true,"version":"6.3.1","resolution":"/usercode/functions/node_modules/firebase-functions/lib/v2/index.js"}} {"metadata":{"emulator":{"name":"functions"},"function":{"name":"us-central1-randomNumber"},"extension":{},"message":"[runtime-status] [1199] firebase-functions has been stubbed. {\"functionsResolution\":{\"declared\":true,\"installed\":true,\"version\":\"6.3.1\",\"resolution\":\"/usercode/functions/node_modules/firebase-functions/lib/v2/index.js\"}}"}}
[debug] [2025-02-17T23:17:55.467Z] [runtime-status] [1199] Resolved module firebase-functions {"declared":true,"installed":true,"version":"6.3.1","resolution":"/usercode/functions/node_modules/firebase-functions/lib/v2/index.js"} {"metadata":{"emulator":{"name":"functions"},"function":{"name":"us-central1-randomNumber"},"extension":{},"message":"[runtime-status] [1199] Resolved module firebase-functions {\"declared\":true,\"installed\":true,\"version\":\"6.3.1\",\"resolution\":\"/usercode/functions/node_modules/firebase-functions/lib/v2/index.js\"}"}}
[debug] [2025-02-17T23:17:55.470Z] [runtime-status] [1199] Resolved module firebase-admin {"declared":true,"installed":true,"version":"12.7.0","resolution":"/usercode/functions/node_modules/firebase-admin/lib/index.js"} {"metadata":{"emulator":{"name":"functions"},"function":{"name":"us-central1-randomNumber"},"extension":{},"message":"[runtime-status] [1199] Resolved module firebase-admin {\"declared\":true,\"installed\":true,\"version\":\"12.7.0\",\"resolution\":\"/usercode/functions/node_modules/firebase-admin/lib/index.js\"}"}}
[debug] [2025-02-17T23:17:55.471Z] [runtime-status] [1199] Resolved module firebase-functions {"declared":true,"installed":true,"version":"6.3.1","resolution":"/usercode/functions/node_modules/firebase-functions/lib/v2/index.js"} {"metadata":{"emulator":{"name":"functions"},"function":{"name":"us-central1-randomNumber"},"extension":{},"message":"[runtime-status] [1199] Resolved module firebase-functions {\"declared\":true,\"installed\":true,\"version\":\"6.3.1\",\"resolution\":\"/usercode/functions/node_modules/firebase-functions/lib/v2/index.js\"}"}}
[debug] [2025-02-17T23:17:55.472Z] [runtime-status] [1199] firebase-admin has been stubbed. {"adminResolution":{"declared":true,"installed":true,"version":"12.7.0","resolution":"/usercode/functions/node_modules/firebase-admin/lib/index.js"}} {"metadata":{"emulator":{"name":"functions"},"function":{"name":"us-central1-randomNumber"},"extension":{},"message":"[runtime-status] [1199] firebase-admin has been stubbed. {\"adminResolution\":{\"declared\":true,\"installed\":true,\"version\":\"12.7.0\",\"resolution\":\"/usercode/functions/node_modules/firebase-admin/lib/index.js\"}}"}}
[debug] [2025-02-17T23:17:55.478Z] [runtime-status] [1199] Functions runtime initialized. {"cwd":"/usercode/functions","node_version":"18.5.0"} {"metadata":{"emulator":{"name":"functions"},"function":{"name":"us-central1-randomNumber"},"extension":{},"message":"[runtime-status] [1199] Functions runtime initialized. {\"cwd\":\"/usercode/functions\",\"node_version\":\"18.5.0\"}"}}
[debug] [2025-02-17T23:17:55.478Z] [runtime-status] [1199] Listening to port: /tmp/nix-shell.w5WPvh/fire_emu_4bd125fc0b279ad3.sock {"metadata":{"emulator":{"name":"functions"},"function":{"name":"us-central1-randomNumber"},"extension":{},"message":"[runtime-status] [1199] Listening to port: /tmp/nix-shell.w5WPvh/fire_emu_4bd125fc0b279ad3.sock"}}
[debug] [2025-02-17T23:17:55.546Z] [worker-us-central1-randomNumber-0621cfac-148c-4e51-b5b7-7659415d6a8c]: IDLE {"metadata":{"emulator":{"name":"functions"},"function":{"name":"us-central1-randomNumber"},"extension":{},"message":"[worker-us-central1-randomNumber-0621cfac-148c-4e51-b5b7-7659415d6a8c]: IDLE"}}
[debug] [2025-02-17T23:17:55.547Z] [worker-pool] submitRequest(triggerId=us-central1-randomNumber) {"metadata":{"emulator":{"name":"functions"},"message":"[worker-pool] submitRequest(triggerId=us-central1-randomNumber)"}}
[info] i  functions: Beginning execution of "us-central1-randomNumber" {"metadata":{"emulator":{"name":"functions"},"function":{"name":"us-central1-randomNumber"},"extension":{},"message":"Beginning execution of \"us-central1-randomNumber\""}}
[debug] [2025-02-17T23:17:55.548Z] [worker-us-central1-randomNumber-0621cfac-148c-4e51-b5b7-7659415d6a8c]: BUSY {"metadata":{"emulator":{"name":"functions"},"function":{"name":"us-central1-randomNumber"},"extension":{},"message":"[worker-us-central1-randomNumber-0621cfac-148c-4e51-b5b7-7659415d6a8c]: BUSY"}}
[info] >  Random number: 0.6420638586751375 {"user":"Random number: 0.6420638586751375","metadata":{"emulator":{"name":"functions"},"function":{"name":"us-central1-randomNumber"},"extension":{},"message":"\u001b[90m> \u001b[39m Random number: 0.6420638586751375"}}
[info] >  Hello world {"user":"Hello world","metadata":{"emulator":{"name":"functions"},"function":{"name":"us-central1-randomNumber"},"extension":{},"message":"\u001b[90m> \u001b[39m Hello world"}}
[debug] [2025-02-17T23:17:55.555Z] Finishing up request with event=pause {"metadata":{"emulator":{"name":"functions"},"function":{"name":"us-central1-randomNumber"},"extension":{},"message":"Finishing up request with event=pause"}}
[info] i  functions: Finished "us-central1-randomNumber" in 7.751211ms {"metadata":{"emulator":{"name":"functions"},"function":{"name":"us-central1-randomNumber"},"extension":{},"message":"Finished \"us-central1-randomNumber\" in 7.751211ms"}}
[debug] [2025-02-17T23:17:55.556Z] [worker-us-central1-randomNumber-0621cfac-148c-4e51-b5b7-7659415d6a8c]: IDLE {"metadata":{"emulator":{"name":"functions"},"function":{"name":"us-central1-randomNumber"},"extension":{},"message":"[worker-us-central1-randomNumber-0621cfac-148c-4e51-b5b7-7659415d6a8c]: IDLE"}}
[debug] [2025-02-17T23:17:55.556Z] Finishing up request with event=finish {"metadata":{"emulator":{"name":"functions"},"function":{"name":"us-central1-randomNumber"},"extension":{},"message":"Finishing up request with event=finish"}}
[debug] [2025-02-17T23:17:55.556Z] Finishing up request with event=close {"metadata":{"emulator":{"name":"functions"},"function":{"name":"us-central1-randomNumber"},"extension":{},"message":"Finishing up request with event=close"}}
[debug] [2025-02-17T23:17:55.556Z] [work-queue] {"queuedWork":[],"queueLength":0,"runningWork":[],"workRunningCount":0}
[debug] [2025-02-17T23:17:56.073Z] Functions emulator received unknown request at path /favicon.ico
[debug] [2025-02-17T23:18:20.634Z] [work-queue] {"queuedWork":["/cloud1-4fa90/us-central1/randomNumber-2025-02-17T23:18:20.634Z"],"queueLength":1,"runningWork":[],"workRunningCount":0}
[debug] [2025-02-17T23:18:20.634Z] [work-queue] {"queuedWork":[],"queueLength":0,"runningWork":["/cloud1-4fa90/us-central1/randomNumber-2025-02-17T23:18:20.634Z"],"workRunningCount":1}
[debug] [2025-02-17T23:18:20.635Z] Accepted request GET /cloud1-4fa90/us-central1/randomNumber --> us-central1-randomNumber
[debug] [2025-02-17T23:18:20.635Z] [functions] Runtime ready! Sending request! {"metadata":{"emulator":{"name":"functions"},"message":"[functions] Runtime ready! Sending request!"}}
[debug] [2025-02-17T23:18:20.635Z] [functions] Got req.url=/cloud1-4fa90/us-central1/randomNumber, mapping to path=/ {"metadata":{"emulator":{"name":"functions"},"message":"[functions] Got req.url=/cloud1-4fa90/us-central1/randomNumber, mapping to path=/"}}
[debug] [2025-02-17T23:18:20.635Z] [worker-pool] submitRequest(triggerId=us-central1-randomNumber) {"metadata":{"emulator":{"name":"functions"},"message":"[worker-pool] submitRequest(triggerId=us-central1-randomNumber)"}}
[info] i  functions: Beginning execution of "us-central1-randomNumber" {"metadata":{"emulator":{"name":"functions"},"function":{"name":"us-central1-randomNumber"},"extension":{},"message":"Beginning execution of \"us-central1-randomNumber\""}}
[debug] [2025-02-17T23:18:20.635Z] [worker-us-central1-randomNumber-0621cfac-148c-4e51-b5b7-7659415d6a8c]: BUSY {"metadata":{"emulator":{"name":"functions"},"function":{"name":"us-central1-randomNumber"},"extension":{},"message":"[worker-us-central1-randomNumber-0621cfac-148c-4e51-b5b7-7659415d6a8c]: BUSY"}}
[info] >  Random number: 0.5168635575646034 {"user":"Random number: 0.5168635575646034","metadata":{"emulator":{"name":"functions"},"function":{"name":"us-central1-randomNumber"},"extension":{},"message":"\u001b[90m> \u001b[39m Random number: 0.5168635575646034"}}
[info] >  Hello world {"user":"Hello world","metadata":{"emulator":{"name":"functions"},"function":{"name":"us-central1-randomNumber"},"extension":{},"message":"\u001b[90m> \u001b[39m Hello world"}}
[debug] [2025-02-17T23:18:20.640Z] Finishing up request with event=pause {"metadata":{"emulator":{"name":"functions"},"function":{"name":"us-central1-randomNumber"},"extension":{},"message":"Finishing up request with event=pause"}}
[info] i  functions: Finished "us-central1-randomNumber" in 4.405388ms {"metadata":{"emulator":{"name":"functions"},"function":{"name":"us-central1-randomNumber"},"extension":{},"message":"Finished \"us-central1-randomNumber\" in 4.405388ms"}}
[debug] [2025-02-17T23:18:20.640Z] [worker-us-central1-randomNumber-0621cfac-148c-4e51-b5b7-7659415d6a8c]: IDLE {"metadata":{"emulator":{"name":"functions"},"function":{"name":"us-central1-randomNumber"},"extension":{},"message":"[worker-us-central1-randomNumber-0621cfac-148c-4e51-b5b7-7659415d6a8c]: IDLE"}}
[debug] [2025-02-17T23:18:20.640Z] Finishing up request with event=finish {"metadata":{"emulator":{"name":"functions"},"function":{"name":"us-central1-randomNumber"},"extension":{},"message":"Finishing up request with event=finish"}}
[debug] [2025-02-17T23:18:20.640Z] Finishing up request with event=close {"metadata":{"emulator":{"name":"functions"},"function":{"name":"us-central1-randomNumber"},"extension":{},"message":"Finishing up request with event=close"}}
[debug] [2025-02-17T23:18:20.640Z] [work-queue] {"queuedWork":[],"queueLength":0,"runningWork":[],"workRunningCount":0}
[debug] [2025-02-18T00:06:19.321Z] ----------------------------------------------------------------------
[debug] [2025-02-18T00:06:19.323Z] Command:       /userdata/zylabfiles/firebase-tools-linux /home/zyuser/.cache/firebase/tools/lib/node_modules/firebase-tools/lib/bin/firebase emulators:start --only functions
[debug] [2025-02-18T00:06:19.323Z] CLI Version:   13.30.0
[debug] [2025-02-18T00:06:19.324Z] Platform:      linux
[debug] [2025-02-18T00:06:19.324Z] Node Version:  v18.5.0
[debug] [2025-02-18T00:06:19.324Z] Time:          Tue Feb 18 2025 00:06:19 GMT+0000 (GMT)
[debug] [2025-02-18T00:06:19.324Z] ----------------------------------------------------------------------
[debug] 
[debug] [2025-02-18T00:06:19.327Z] >>> [apiv2][query] GET https://firebase-public.firebaseio.com/cli.json [none]
[debug] [2025-02-18T00:06:19.529Z] > command requires scopes: ["email","openid","https://www.googleapis.com/auth/cloudplatformprojects.readonly","https://www.googleapis.com/auth/firebase","https://www.googleapis.com/auth/cloud-platform"]
[debug] Failed to authenticate, have you run firebase login?
[warn] ⚠  emulators: You are not currently authenticated so some features may not work correctly. Please run firebase login to authenticate the CLI. 
[info] i  emulators: Starting emulators: functions {"metadata":{"emulator":{"name":"hub"},"message":"Starting emulators: functions"}}
[debug] [2025-02-18T00:06:19.545Z] [logging] Logging Emulator only supports listening on one address (127.0.0.1). Not listening on ::1
[debug] [2025-02-18T00:06:19.545Z] assigned listening specs for emulators {"user":{"hub":[{"address":"127.0.0.1","family":"IPv4","port":4400},{"address":"::1","family":"IPv6","port":4400}],"logging":[{"address":"127.0.0.1","family":"IPv4","port":4500}]},"metadata":{"message":"assigned listening specs for emulators"}}
[debug] [2025-02-18T00:06:19.548Z] [hub] writing locator at /tmp/nix-shell.PBDEhc/hub-cloud1-4fa90.json
[debug] [2025-02-18T00:06:19.561Z] [eventarc] Eventarc Emulator only supports listening on one address (127.0.0.1). Not listening on ::1
[debug] [2025-02-18T00:06:19.561Z] [tasks] Cloud Tasks Emulator only supports listening on one address (127.0.0.1). Not listening on ::1
[debug] [2025-02-18T00:06:19.561Z] late-assigned ports for functions and eventarc emulators {"user":{"hub":[{"address":"127.0.0.1","family":"IPv4","port":4400},{"address":"::1","family":"IPv6","port":4400}],"logging":[{"address":"127.0.0.1","family":"IPv4","port":4500}],"functions":[{"address":"0.0.0.0","family":"IPv4","port":8080}],"eventarc":[{"address":"127.0.0.1","family":"IPv4","port":9299}],"tasks":[{"address":"127.0.0.1","family":"IPv4","port":9499}]},"metadata":{"message":"late-assigned ports for functions and eventarc emulators"}}
[warn] ⚠  functions: The following emulators are not running, calls to these services from the Functions emulator will affect production: apphosting, auth, firestore, database, hosting, pubsub, storage, dataconnect {"metadata":{"emulator":{"name":"functions"},"message":"The following emulators are not running, calls to these services from the Functions emulator will affect production: \u001b[1mapphosting, auth, firestore, database, hosting, pubsub, storage, dataconnect\u001b[22m"}}
[warn] ⚠  functions: You are not signed in to the Firebase CLI. If you have authorized this machine using gcloud application-default credentials those may be discovered and used to access production services. {"metadata":{"emulator":{"name":"functions"},"message":"You are not signed in to the Firebase CLI. If you have authorized this machine using gcloud application-default credentials those may be discovered and used to access production services."}}
[debug] [2025-02-18T00:06:19.563Z] No OAuth tokens found
[debug] [2025-02-18T00:06:19.563Z] No OAuth tokens found
[debug] [2025-02-18T00:06:19.563Z] > command requires scopes: ["email","openid","https://www.googleapis.com/auth/cloudplatformprojects.readonly","https://www.googleapis.com/auth/firebase","https://www.googleapis.com/auth/cloud-platform"]
[debug] [2025-02-18T00:06:19.564Z] Failed to get Admin SDK config for cloud1-4fa90, falling back to cache Failed to get Admin SDK for Firebase project cloud1-4fa90. Please make sure the project exists and your account has permission to access it. {"name":"FirebaseError","children":[],"exit":2,"message":"Failed to get Admin SDK for Firebase project cloud1-4fa90. Please make sure the project exists and your account has permission to access it.","original":{"name":"FirebaseError","children":[],"exit":1,"message":"Failed to authenticate, have you run \u001b[1mfirebase login\u001b[22m?","original":{},"status":500},"status":500}
[warn] ⚠  functions: Unable to fetch project Admin SDK configuration, Admin SDK behavior in Cloud Functions emulator may be incorrect. {"metadata":{"emulator":{"name":"functions"},"message":"Unable to fetch project Admin SDK configuration, Admin SDK behavior in Cloud Functions emulator may be incorrect."}}
[warn] ⚠  emulators: The Emulator UI is not starting, either because none of the running emulators have a UI component or the Emulator UI cannot determine the Project ID. Pass the --project flag to specify a project. {"metadata":{"emulator":{"name":"hub"},"message":"The Emulator UI is not starting, either because none of the running emulators have a UI component or the Emulator UI cannot determine the Project ID. Pass the --project flag to specify a project."}}
[info] i  functions: Watching "/usercode/functions" for Cloud Functions... {"metadata":{"emulator":{"name":"functions"},"message":"Watching \"/usercode/functions\" for Cloud Functions..."}}
[debug] [2025-02-18T00:06:19.580Z] Validating nodejs source
[warn] ⚠  functions: package.json indicates an outdated version of firebase-functions. Please upgrade using npm install --save firebase-functions@latest in your functions directory. 
[debug] [2025-02-18T00:06:20.073Z] > [functions] package.json contents: {
  "name": "functions",
  "description": "Cloud Functions for Firebase",
  "scripts": {
    "serve": "firebase emulators:start --only functions",
    "shell": "firebase functions:shell",
    "start": "npm run shell",
    "deploy": "firebase deploy --only functions",
    "logs": "firebase functions:log"
  },
  "engines": {
    "node": "18"
  },
  "main": "index.js",
  "dependencies": {
    "firebase-admin": "^12.6.0",
    "firebase-functions": "^6.0.1"
  },
  "devDependencies": {
    "firebase-functions-test": "^3.1.0"
  },
  "private": true
}
[debug] [2025-02-18T00:06:20.073Z] Building nodejs source
[debug] [2025-02-18T00:06:20.073Z] Failed to find version of module node: reached end of search path /usercode/functions/node_modules
[info] ✔  functions: Using node@18 from host. 
[debug] [2025-02-18T00:06:20.076Z] Could not find functions.yaml. Must use http discovery
[debug] [2025-02-18T00:06:20.078Z] Found firebase-functions binary at '/usercode/functions/node_modules/.bin/firebase-functions'
[debug] [2025-02-18T00:06:20.098Z] [work-queue] {"queuedWork":["/cloud1-4fa90/us-central1/randomNumber-2025-02-18T00:06:20.098Z"],"queueLength":1,"runningWork":[],"workRunningCount":0}
[debug] [2025-02-18T00:06:20.098Z] [work-queue] {"queuedWork":[],"queueLength":0,"runningWork":["/cloud1-4fa90/us-central1/randomNumber-2025-02-18T00:06:20.098Z"],"workRunningCount":1}
[debug] [2025-02-18T00:06:20.100Z] [work-queue] {"queuedWork":[],"queueLength":0,"runningWork":[],"workRunningCount":0}
[debug] [2025-02-18T00:06:20.142Z] <<< [apiv2][status] GET https://firebase-public.firebaseio.com/cli.json 200
[debug] [2025-02-18T00:06:20.142Z] <<< [apiv2][body] GET https://firebase-public.firebaseio.com/cli.json {"cloudBuildErrorAfter":1594252800000,"cloudBuildWarnAfter":1590019200000,"defaultNode10After":1594252800000,"minVersion":"3.0.5","node8DeploysDisabledAfter":1613390400000,"node8RuntimeDisabledAfter":1615809600000,"node8WarnAfter":1600128000000}
[info] Serving at port 8821

[debug] [2025-02-18T00:06:20.580Z] Got response from /__/functions.yaml {"endpoints":{"randomNumber":{"availableMemoryMb":null,"timeoutSeconds":null,"minInstances":null,"maxInstances":null,"ingressSettings":null,"concurrency":null,"serviceAccountEmail":null,"vpc":null,"platform":"gcfv2","labels":{},"httpsTrigger":{},"entryPoint":"randomNumber"}},"specVersion":"v1alpha1","requiredAPIs":[],"extensions":{}}
[info] ✔  functions: Loaded functions definitions from source: randomNumber. {"metadata":{"emulator":{"name":"functions"},"message":"Loaded functions definitions from source: randomNumber."}}
[info] ✔  functions[us-central1-randomNumber]: http function initialized (http://127.0.0.1:8080/cloud1-4fa90/us-central1/randomNumber). {"metadata":{"emulator":{"name":"functions"},"message":"\u001b[1mhttp\u001b[22m function initialized (http://127.0.0.1:8080/cloud1-4fa90/us-central1/randomNumber)."}}
[debug] [2025-02-18T00:06:20.613Z] Could not find VSCode notification endpoint: FetchError: request to http://localhost:40001/vscode/notify failed, reason: connect ECONNREFUSED 127.0.0.1:40001. If you are not running the Firebase Data Connect VSCode extension, this is expected and not an issue.
[info] 
┌─────────────────────────────────────────────────────────────┐
│ ✔  All emulators ready! It is now safe to connect your app. │
└─────────────────────────────────────────────────────────────┘

┌───────────┬──────────────┐
│ Emulator  │ Host:Port    │
├───────────┼──────────────┤
│ Functions │ 0.0.0.0:8080 │
└───────────┴──────────────┘
  Emulator Hub running at 127.0.0.1:4400
  Other reserved ports: 4500

Issues? Report them at https://github.com/firebase/firebase-tools/issues and attach the *-debug.log files.
 
[debug] [2025-02-18T00:07:59.729Z] [work-queue] {"queuedWork":["/cloud1-4fa90/us-central1/randomNumber-2025-02-18T00:07:59.729Z"],"queueLength":1,"runningWork":[],"workRunningCount":0}
[debug] [2025-02-18T00:07:59.729Z] [work-queue] {"queuedWork":[],"queueLength":0,"runningWork":["/cloud1-4fa90/us-central1/randomNumber-2025-02-18T00:07:59.729Z"],"workRunningCount":1}
[debug] [2025-02-18T00:07:59.729Z] Accepted request GET /cloud1-4fa90/us-central1/randomNumber --> us-central1-randomNumber
[debug] [2025-02-18T00:07:59.730Z] [functions] Runtime ready! Sending request! {"metadata":{"emulator":{"name":"functions"},"message":"[functions] Runtime ready! Sending request!"}}
[debug] [2025-02-18T00:07:59.730Z] [functions] Got req.url=/cloud1-4fa90/us-central1/randomNumber, mapping to path=/ {"metadata":{"emulator":{"name":"functions"},"message":"[functions] Got req.url=/cloud1-4fa90/us-central1/randomNumber, mapping to path=/"}}
[debug] [2025-02-18T00:07:59.742Z] [worker-pool] addWorker(us-central1-randomNumber) {"metadata":{"emulator":{"name":"functions"},"message":"[worker-pool] addWorker(us-central1-randomNumber)"}}
[debug] [2025-02-18T00:07:59.743Z] [worker-pool] Adding worker with key us-central1-randomNumber, total=1 {"metadata":{"emulator":{"name":"functions"},"message":"[worker-pool] Adding worker with key us-central1-randomNumber, total=1"}}
[debug] [2025-02-18T00:08:00.614Z] [runtime-status] [825] Resolved module firebase-admin {"declared":true,"installed":true,"version":"12.7.0","resolution":"/usercode/functions/node_modules/firebase-admin/lib/index.js"} {"metadata":{"emulator":{"name":"functions"},"function":{"name":"us-central1-randomNumber"},"extension":{},"message":"[runtime-status] [825] Resolved module firebase-admin {\"declared\":true,\"installed\":true,\"version\":\"12.7.0\",\"resolution\":\"/usercode/functions/node_modules/firebase-admin/lib/index.js\"}"}}
[debug] [2025-02-18T00:08:00.614Z] [runtime-status] [825] Resolved module firebase-functions {"declared":true,"installed":true,"version":"6.3.1","resolution":"/usercode/functions/node_modules/firebase-functions/lib/v2/index.js"} {"metadata":{"emulator":{"name":"functions"},"function":{"name":"us-central1-randomNumber"},"extension":{},"message":"[runtime-status] [825] Resolved module firebase-functions {\"declared\":true,\"installed\":true,\"version\":\"6.3.1\",\"resolution\":\"/usercode/functions/node_modules/firebase-functions/lib/v2/index.js\"}"}}
[debug] [2025-02-18T00:08:00.615Z] [runtime-status] [825] Outgoing network have been stubbed. [{"name":"http","status":"mocked"},{"name":"http","status":"mocked"},{"name":"https","status":"mocked"},{"name":"https","status":"mocked"},{"name":"net","status":"mocked"}] {"metadata":{"emulator":{"name":"functions"},"function":{"name":"us-central1-randomNumber"},"extension":{},"message":"[runtime-status] [825] Outgoing network have been stubbed. [{\"name\":\"http\",\"status\":\"mocked\"},{\"name\":\"http\",\"status\":\"mocked\"},{\"name\":\"https\",\"status\":\"mocked\"},{\"name\":\"https\",\"status\":\"mocked\"},{\"name\":\"net\",\"status\":\"mocked\"}]"}}
[debug] [2025-02-18T00:08:00.615Z] [runtime-status] [825] Resolved module firebase-functions {"declared":true,"installed":true,"version":"6.3.1","resolution":"/usercode/functions/node_modules/firebase-functions/lib/v2/index.js"} {"metadata":{"emulator":{"name":"functions"},"function":{"name":"us-central1-randomNumber"},"extension":{},"message":"[runtime-status] [825] Resolved module firebase-functions {\"declared\":true,\"installed\":true,\"version\":\"6.3.1\",\"resolution\":\"/usercode/functions/node_modules/firebase-functions/lib/v2/index.js\"}"}}
[debug] [2025-02-18T00:08:00.794Z] [runtime-status] [825] Checked functions.config() {"config":{}} {"metadata":{"emulator":{"name":"functions"},"function":{"name":"us-central1-randomNumber"},"extension":{},"message":"[runtime-status] [825] Checked functions.config() {\"config\":{}}"}}
[debug] [2025-02-18T00:08:00.794Z] [runtime-status] [825] firebase-functions has been stubbed. {"functionsResolution":{"declared":true,"installed":true,"version":"6.3.1","resolution":"/usercode/functions/node_modules/firebase-functions/lib/v2/index.js"}} {"metadata":{"emulator":{"name":"functions"},"function":{"name":"us-central1-randomNumber"},"extension":{},"message":"[runtime-status] [825] firebase-functions has been stubbed. {\"functionsResolution\":{\"declared\":true,\"installed\":true,\"version\":\"6.3.1\",\"resolution\":\"/usercode/functions/node_modules/firebase-functions/lib/v2/index.js\"}}"}}
[debug] [2025-02-18T00:08:00.795Z] [runtime-status] [825] Resolved module firebase-functions {"declared":true,"installed":true,"version":"6.3.1","resolution":"/usercode/functions/node_modules/firebase-functions/lib/v2/index.js"} {"metadata":{"emulator":{"name":"functions"},"function":{"name":"us-central1-randomNumber"},"extension":{},"message":"[runtime-status] [825] Resolved module firebase-functions {\"declared\":true,\"installed\":true,\"version\":\"6.3.1\",\"resolution\":\"/usercode/functions/node_modules/firebase-functions/lib/v2/index.js\"}"}}
[debug] [2025-02-18T00:08:00.797Z] [runtime-status] [825] Resolved module firebase-admin {"declared":true,"installed":true,"version":"12.7.0","resolution":"/usercode/functions/node_modules/firebase-admin/lib/index.js"} {"metadata":{"emulator":{"name":"functions"},"function":{"name":"us-central1-randomNumber"},"extension":{},"message":"[runtime-status] [825] Resolved module firebase-admin {\"declared\":true,\"installed\":true,\"version\":\"12.7.0\",\"resolution\":\"/usercode/functions/node_modules/firebase-admin/lib/index.js\"}"}}
[debug] [2025-02-18T00:08:00.798Z] [runtime-status] [825] Resolved module firebase-functions {"declared":true,"installed":true,"version":"6.3.1","resolution":"/usercode/functions/node_modules/firebase-functions/lib/v2/index.js"} {"metadata":{"emulator":{"name":"functions"},"function":{"name":"us-central1-randomNumber"},"extension":{},"message":"[runtime-status] [825] Resolved module firebase-functions {\"declared\":true,\"installed\":true,\"version\":\"6.3.1\",\"resolution\":\"/usercode/functions/node_modules/firebase-functions/lib/v2/index.js\"}"}}
[debug] [2025-02-18T00:08:00.799Z] [runtime-status] [825] firebase-admin has been stubbed. {"adminResolution":{"declared":true,"installed":true,"version":"12.7.0","resolution":"/usercode/functions/node_modules/firebase-admin/lib/index.js"}} {"metadata":{"emulator":{"name":"functions"},"function":{"name":"us-central1-randomNumber"},"extension":{},"message":"[runtime-status] [825] firebase-admin has been stubbed. {\"adminResolution\":{\"declared\":true,\"installed\":true,\"version\":\"12.7.0\",\"resolution\":\"/usercode/functions/node_modules/firebase-admin/lib/index.js\"}}"}}
[debug] [2025-02-18T00:08:00.804Z] [runtime-status] [825] Functions runtime initialized. {"cwd":"/usercode/functions","node_version":"18.5.0"} {"metadata":{"emulator":{"name":"functions"},"function":{"name":"us-central1-randomNumber"},"extension":{},"message":"[runtime-status] [825] Functions runtime initialized. {\"cwd\":\"/usercode/functions\",\"node_version\":\"18.5.0\"}"}}
[debug] [2025-02-18T00:08:00.804Z] [runtime-status] [825] Listening to port: /tmp/nix-shell.PBDEhc/fire_emu_5ef0d203a2f2eb1b.sock {"metadata":{"emulator":{"name":"functions"},"function":{"name":"us-central1-randomNumber"},"extension":{},"message":"[runtime-status] [825] Listening to port: /tmp/nix-shell.PBDEhc/fire_emu_5ef0d203a2f2eb1b.sock"}}
[debug] [2025-02-18T00:08:00.856Z] [worker-us-central1-randomNumber-657ee704-8f53-47be-8406-1f7fa6ffe01f]: IDLE {"metadata":{"emulator":{"name":"functions"},"function":{"name":"us-central1-randomNumber"},"extension":{},"message":"[worker-us-central1-randomNumber-657ee704-8f53-47be-8406-1f7fa6ffe01f]: IDLE"}}
[debug] [2025-02-18T00:08:00.856Z] [worker-pool] submitRequest(triggerId=us-central1-randomNumber) {"metadata":{"emulator":{"name":"functions"},"message":"[worker-pool] submitRequest(triggerId=us-central1-randomNumber)"}}
[info] i  functions: Beginning execution of "us-central1-randomNumber" {"metadata":{"emulator":{"name":"functions"},"function":{"name":"us-central1-randomNumber"},"extension":{},"message":"Beginning execution of \"us-central1-randomNumber\""}}
[debug] [2025-02-18T00:08:00.857Z] [worker-us-central1-randomNumber-657ee704-8f53-47be-8406-1f7fa6ffe01f]: BUSY {"metadata":{"emulator":{"name":"functions"},"function":{"name":"us-central1-randomNumber"},"extension":{},"message":"[worker-us-central1-randomNumber-657ee704-8f53-47be-8406-1f7fa6ffe01f]: BUSY"}}
[info] >  Random number: 0.7159949112697297 {"user":"Random number: 0.7159949112697297","metadata":{"emulator":{"name":"functions"},"function":{"name":"us-central1-randomNumber"},"extension":{},"message":"\u001b[90m> \u001b[39m Random number: 0.7159949112697297"}}
[info] >  Hello world {"user":"Hello world","metadata":{"emulator":{"name":"functions"},"function":{"name":"us-central1-randomNumber"},"extension":{},"message":"\u001b[90m> \u001b[39m Hello world"}}
[debug] [2025-02-18T00:08:00.863Z] Finishing up request with event=pause {"metadata":{"emulator":{"name":"functions"},"function":{"name":"us-central1-randomNumber"},"extension":{},"message":"Finishing up request with event=pause"}}
[info] i  functions: Finished "us-central1-randomNumber" in 6.370204ms {"metadata":{"emulator":{"name":"functions"},"function":{"name":"us-central1-randomNumber"},"extension":{},"message":"Finished \"us-central1-randomNumber\" in 6.370204ms"}}
[debug] [2025-02-18T00:08:00.864Z] [worker-us-central1-randomNumber-657ee704-8f53-47be-8406-1f7fa6ffe01f]: IDLE {"metadata":{"emulator":{"name":"functions"},"function":{"name":"us-central1-randomNumber"},"extension":{},"message":"[worker-us-central1-randomNumber-657ee704-8f53-47be-8406-1f7fa6ffe01f]: IDLE"}}
[debug] [2025-02-18T00:08:00.864Z] Finishing up request with event=finish {"metadata":{"emulator":{"name":"functions"},"function":{"name":"us-central1-randomNumber"},"extension":{},"message":"Finishing up request with event=finish"}}
[debug] [2025-02-18T00:08:00.864Z] Finishing up request with event=close {"metadata":{"emulator":{"name":"functions"},"function":{"name":"us-central1-randomNumber"},"extension":{},"message":"Finishing up request with event=close"}}
[debug] [2025-02-18T00:08:00.864Z] [work-queue] {"queuedWork":[],"queueLength":0,"runningWork":[],"workRunningCount":0}
